<?xml version="1.0" encoding="UTF-8"?>
<!-- Generated by org.testng.reporters.JUnitReportReporter -->
<testsuite skipped="0" hostname="DESKTOP-PK9O6TL" name="com.testing.com.FirstClass" tests="1" failures="0" timestamp="23 Feb 2019 09:14:09 GMT" time="0.012" errors="0">
  <testcase name="main" time="0.012" classname="com.testing.com.FirstClass"/>
</testsuite> <!-- com.testing.com.FirstClass -->
